<?xml version="1.0" encoding="UTF-8" ?>
<testsuite failures="0" time="0.268" errors="0" skipped="0" tests="78" name="com.metamx.druid.query.timeseries.TimeseriesQueryRunnerTest">
  <properties>
    <property name="java.runtime.name" value="Java(TM) SE Runtime Environment"/>
    <property name="sun.boot.library.path" value="/System/Library/Java/JavaVirtualMachines/1.6.0.jdk/Contents/Libraries"/>
    <property name="java.vm.version" value="20.65-b04-462"/>
    <property name="awt.nativeDoubleBuffering" value="true"/>
    <property name="gopherProxySet" value="false"/>
    <property name="mrj.build" value="11M4609"/>
    <property name="java.vm.vendor" value="Apple Inc."/>
    <property name="java.vendor.url" value="http://www.apple.com/"/>
    <property name="path.separator" value=":"/>
    <property name="guice.disable.misplaced.annotation.check" value="true"/>
    <property name="java.vm.name" value="Java HotSpot(TM) 64-Bit Server VM"/>
    <property name="file.encoding.pkg" value="sun.io"/>
    <property name="user.country" value="US"/>
    <property name="sun.java.launcher" value="SUN_STANDARD"/>
    <property name="sun.os.patch.level" value="unknown"/>
    <property name="java.vm.specification.name" value="Java Virtual Machine Specification"/>
    <property name="user.dir" value="/Users/hasnat/Downloads/dtv-tvc-commerce/druid"/>
    <property name="java.runtime.version" value="1.6.0_65-b14-462-11M4609"/>
    <property name="java.awt.graphicsenv" value="apple.awt.CGraphicsEnvironment"/>
    <property name="java.endorsed.dirs" value="/System/Library/Java/JavaVirtualMachines/1.6.0.jdk/Contents/Home/lib/endorsed"/>
    <property name="os.arch" value="x86_64"/>
    <property name="java.io.tmpdir" value="/var/folders/5y/h2z_3s7106927ty50cf7ygmc0000gn/T/"/>
    <property name="line.separator" value="
"/>
    <property name="java.vm.specification.vendor" value="Sun Microsystems Inc."/>
    <property name="os.name" value="Mac OS X"/>
    <property name="classworlds.conf" value="/Users/hasnat/asakusa-develop/maven/bin/m2.conf"/>
    <property name="sun.jnu.encoding" value="MacRoman"/>
    <property name="java.library.path" value=".:/Library/Java/Extensions:/System/Library/Java/Extensions:/usr/lib/java"/>
    <property name="java.specification.name" value="Java Platform API Specification"/>
    <property name="java.class.version" value="50.0"/>
    <property name="sun.management.compiler" value="HotSpot 64-Bit Tiered Compilers"/>
    <property name="os.version" value="10.7.5"/>
    <property name="http.nonProxyHosts" value="local|*.local|169.254/16|*.169.254/16"/>
    <property name="user.home" value="/Users/hasnat"/>
    <property name="user.timezone" value="Asia/Tokyo"/>
    <property name="java.awt.printerjob" value="apple.awt.CPrinterJob"/>
    <property name="java.specification.version" value="1.6"/>
    <property name="file.encoding" value="UTF-8"/>
    <property name="user.name" value="hasnat"/>
    <property name="java.class.path" value="/Users/hasnat/asakusa-develop/maven/boot/plexus-classworlds-2.4.jar"/>
    <property name="java.vm.specification.version" value="1.0"/>
    <property name="sun.arch.data.model" value="64"/>
    <property name="java.home" value="/System/Library/Java/JavaVirtualMachines/1.6.0.jdk/Contents/Home"/>
    <property name="sun.java.command" value="org.codehaus.plexus.classworlds.launcher.Launcher package"/>
    <property name="java.specification.vendor" value="Sun Microsystems Inc."/>
    <property name="user.language" value="en"/>
    <property name="awt.toolkit" value="apple.awt.CToolkit"/>
    <property name="java.vm.info" value="mixed mode"/>
    <property name="java.version" value="1.6.0_65"/>
    <property name="java.ext.dirs" value="/Library/Java/Extensions:/System/Library/Java/Extensions:/System/Library/Java/JavaVirtualMachines/1.6.0.jdk/Contents/Home/lib/ext"/>
    <property name="sun.boot.class.path" value="/System/Library/Java/JavaVirtualMachines/1.6.0.jdk/Contents/Classes/jsfd.jar:/System/Library/Java/JavaVirtualMachines/1.6.0.jdk/Contents/Classes/classes.jar:/System/Library/Frameworks/JavaVM.framework/Frameworks/JavaRuntimeSupport.framework/Resources/Java/JavaRuntimeSupport.jar:/System/Library/Java/JavaVirtualMachines/1.6.0.jdk/Contents/Classes/ui.jar:/System/Library/Java/JavaVirtualMachines/1.6.0.jdk/Contents/Classes/laf.jar:/System/Library/Java/JavaVirtualMachines/1.6.0.jdk/Contents/Classes/sunrsasign.jar:/System/Library/Java/JavaVirtualMachines/1.6.0.jdk/Contents/Classes/jsse.jar:/System/Library/Java/JavaVirtualMachines/1.6.0.jdk/Contents/Classes/jce.jar:/System/Library/Java/JavaVirtualMachines/1.6.0.jdk/Contents/Classes/charsets.jar"/>
    <property name="java.vendor" value="Apple Inc."/>
    <property name="maven.home" value="/Users/hasnat/asakusa-develop/maven"/>
    <property name="file.separator" value="/"/>
    <property name="java.vendor.url.bug" value="http://bugreport.apple.com/"/>
    <property name="sun.cpu.endian" value="little"/>
    <property name="sun.io.unicode.encoding" value="UnicodeLittle"/>
    <property name="mrj.version" value="1070.1.6.0_65-462"/>
    <property name="socksNonProxyHosts" value="local|*.local|169.254/16|*.169.254/16"/>
    <property name="ftp.nonProxyHosts" value="local|*.local|169.254/16|*.169.254/16"/>
    <property name="sun.cpu.isalist" value=""/>
  </properties>
  <testcase time="0.043" classname="com.metamx.druid.query.timeseries.TimeseriesQueryRunnerTest" name="testFullOnTimeseries[0]"/>
  <testcase time="0.012" classname="com.metamx.druid.query.timeseries.TimeseriesQueryRunnerTest" name="testFullOnTimeseriesWithFilter[0]"/>
  <testcase time="0.001" classname="com.metamx.druid.query.timeseries.TimeseriesQueryRunnerTest" name="testTimeseriesWithNonExistentFilter[0]"/>
  <testcase time="0.001" classname="com.metamx.druid.query.timeseries.TimeseriesQueryRunnerTest" name="testTimeseriesWithNonExistentFilterAndMultiDim[0]"/>
  <testcase time="0.001" classname="com.metamx.druid.query.timeseries.TimeseriesQueryRunnerTest" name="testTimeseriesWithFilterOnNonExistentDimension[0]"/>
  <testcase time="0.005" classname="com.metamx.druid.query.timeseries.TimeseriesQueryRunnerTest" name="testFullOnTimeseriesMaxMin[0]"/>
  <testcase time="0" classname="com.metamx.druid.query.timeseries.TimeseriesQueryRunnerTest" name="testTimeseries[0]"/>
  <testcase time="0.001" classname="com.metamx.druid.query.timeseries.TimeseriesQueryRunnerTest" name="testTimeseriesWithTimeZone[0]"/>
  <testcase time="0.001" classname="com.metamx.druid.query.timeseries.TimeseriesQueryRunnerTest" name="testTimeseriesWithVaryingGran[0]"/>
  <testcase time="0.001" classname="com.metamx.druid.query.timeseries.TimeseriesQueryRunnerTest" name="testTimeseriesGranularityNotAlignedOnSegmentBoundariesWithFilter[0]"/>
  <testcase time="0.001" classname="com.metamx.druid.query.timeseries.TimeseriesQueryRunnerTest" name="testTimeseriesWithVaryingGranWithFilter[0]"/>
  <testcase time="0" classname="com.metamx.druid.query.timeseries.TimeseriesQueryRunnerTest" name="testTimeseriesQueryBeyondTimeRangeOfData[0]"/>
  <testcase time="0.001" classname="com.metamx.druid.query.timeseries.TimeseriesQueryRunnerTest" name="testTimeseriesWithOrFilter[0]"/>
  <testcase time="0.001" classname="com.metamx.druid.query.timeseries.TimeseriesQueryRunnerTest" name="testTimeseriesWithRegexFilter[0]"/>
  <testcase time="0.001" classname="com.metamx.druid.query.timeseries.TimeseriesQueryRunnerTest" name="testTimeseriesWithFilter1[0]"/>
  <testcase time="0.001" classname="com.metamx.druid.query.timeseries.TimeseriesQueryRunnerTest" name="testTimeseriesWithFilter2[0]"/>
  <testcase time="0.001" classname="com.metamx.druid.query.timeseries.TimeseriesQueryRunnerTest" name="testTimeseriesWithFilter3[0]"/>
  <testcase time="0.001" classname="com.metamx.druid.query.timeseries.TimeseriesQueryRunnerTest" name="testTimeseriesWithMultiDimFilterAndOr[0]"/>
  <testcase time="0.001" classname="com.metamx.druid.query.timeseries.TimeseriesQueryRunnerTest" name="testTimeseriesWithMultiDimFilter[0]"/>
  <testcase time="0.001" classname="com.metamx.druid.query.timeseries.TimeseriesQueryRunnerTest" name="testTimeseriesWithOtherMultiDimFilter[0]"/>
  <testcase time="0.001" classname="com.metamx.druid.query.timeseries.TimeseriesQueryRunnerTest" name="testTimeseriesWithNonExistentFilterInOr[0]"/>
  <testcase time="0.001" classname="com.metamx.druid.query.timeseries.TimeseriesQueryRunnerTest" name="testTimeseriesWithNonExistentFilterAndMultiDimAndOr[0]"/>
  <testcase time="0.002" classname="com.metamx.druid.query.timeseries.TimeseriesQueryRunnerTest" name="testTimeseriesWithMultiValueDimFilter1[0]"/>
  <testcase time="0.001" classname="com.metamx.druid.query.timeseries.TimeseriesQueryRunnerTest" name="testTimeseriesWithMultiValueDimFilter2[0]"/>
  <testcase time="0.001" classname="com.metamx.druid.query.timeseries.TimeseriesQueryRunnerTest" name="testTimeseriesWithMultiValueDimFilterAndOr1[0]"/>
  <testcase time="0.001" classname="com.metamx.druid.query.timeseries.TimeseriesQueryRunnerTest" name="testTimeseriesWithMultiValueDimFilterAndOr2[0]"/>
  <testcase time="0.024" classname="com.metamx.druid.query.timeseries.TimeseriesQueryRunnerTest" name="testFullOnTimeseries[1]"/>
  <testcase time="0.017" classname="com.metamx.druid.query.timeseries.TimeseriesQueryRunnerTest" name="testFullOnTimeseriesWithFilter[1]"/>
  <testcase time="0.001" classname="com.metamx.druid.query.timeseries.TimeseriesQueryRunnerTest" name="testTimeseriesWithNonExistentFilter[1]"/>
  <testcase time="0.001" classname="com.metamx.druid.query.timeseries.TimeseriesQueryRunnerTest" name="testTimeseriesWithNonExistentFilterAndMultiDim[1]"/>
  <testcase time="0.001" classname="com.metamx.druid.query.timeseries.TimeseriesQueryRunnerTest" name="testTimeseriesWithFilterOnNonExistentDimension[1]"/>
  <testcase time="0.004" classname="com.metamx.druid.query.timeseries.TimeseriesQueryRunnerTest" name="testFullOnTimeseriesMaxMin[1]"/>
  <testcase time="0.001" classname="com.metamx.druid.query.timeseries.TimeseriesQueryRunnerTest" name="testTimeseries[1]"/>
  <testcase time="0.001" classname="com.metamx.druid.query.timeseries.TimeseriesQueryRunnerTest" name="testTimeseriesWithTimeZone[1]"/>
  <testcase time="0.001" classname="com.metamx.druid.query.timeseries.TimeseriesQueryRunnerTest" name="testTimeseriesWithVaryingGran[1]"/>
  <testcase time="0.023" classname="com.metamx.druid.query.timeseries.TimeseriesQueryRunnerTest" name="testTimeseriesGranularityNotAlignedOnSegmentBoundariesWithFilter[1]"/>
  <testcase time="0" classname="com.metamx.druid.query.timeseries.TimeseriesQueryRunnerTest" name="testTimeseriesWithVaryingGranWithFilter[1]"/>
  <testcase time="0" classname="com.metamx.druid.query.timeseries.TimeseriesQueryRunnerTest" name="testTimeseriesQueryBeyondTimeRangeOfData[1]"/>
  <testcase time="0" classname="com.metamx.druid.query.timeseries.TimeseriesQueryRunnerTest" name="testTimeseriesWithOrFilter[1]"/>
  <testcase time="0" classname="com.metamx.druid.query.timeseries.TimeseriesQueryRunnerTest" name="testTimeseriesWithRegexFilter[1]"/>
  <testcase time="0" classname="com.metamx.druid.query.timeseries.TimeseriesQueryRunnerTest" name="testTimeseriesWithFilter1[1]"/>
  <testcase time="0" classname="com.metamx.druid.query.timeseries.TimeseriesQueryRunnerTest" name="testTimeseriesWithFilter2[1]"/>
  <testcase time="0" classname="com.metamx.druid.query.timeseries.TimeseriesQueryRunnerTest" name="testTimeseriesWithFilter3[1]"/>
  <testcase time="0.004" classname="com.metamx.druid.query.timeseries.TimeseriesQueryRunnerTest" name="testTimeseriesWithMultiDimFilterAndOr[1]"/>
  <testcase time="0.003" classname="com.metamx.druid.query.timeseries.TimeseriesQueryRunnerTest" name="testTimeseriesWithMultiDimFilter[1]"/>
  <testcase time="0.002" classname="com.metamx.druid.query.timeseries.TimeseriesQueryRunnerTest" name="testTimeseriesWithOtherMultiDimFilter[1]"/>
  <testcase time="0.004" classname="com.metamx.druid.query.timeseries.TimeseriesQueryRunnerTest" name="testTimeseriesWithNonExistentFilterInOr[1]"/>
  <testcase time="0.004" classname="com.metamx.druid.query.timeseries.TimeseriesQueryRunnerTest" name="testTimeseriesWithNonExistentFilterAndMultiDimAndOr[1]"/>
  <testcase time="0.002" classname="com.metamx.druid.query.timeseries.TimeseriesQueryRunnerTest" name="testTimeseriesWithMultiValueDimFilter1[1]"/>
  <testcase time="0.001" classname="com.metamx.druid.query.timeseries.TimeseriesQueryRunnerTest" name="testTimeseriesWithMultiValueDimFilter2[1]"/>
  <testcase time="0.003" classname="com.metamx.druid.query.timeseries.TimeseriesQueryRunnerTest" name="testTimeseriesWithMultiValueDimFilterAndOr1[1]"/>
  <testcase time="0.006" classname="com.metamx.druid.query.timeseries.TimeseriesQueryRunnerTest" name="testTimeseriesWithMultiValueDimFilterAndOr2[1]"/>
  <testcase time="0.021" classname="com.metamx.druid.query.timeseries.TimeseriesQueryRunnerTest" name="testFullOnTimeseries[2]"/>
  <testcase time="0.013" classname="com.metamx.druid.query.timeseries.TimeseriesQueryRunnerTest" name="testFullOnTimeseriesWithFilter[2]"/>
  <testcase time="0.001" classname="com.metamx.druid.query.timeseries.TimeseriesQueryRunnerTest" name="testTimeseriesWithNonExistentFilter[2]"/>
  <testcase time="0" classname="com.metamx.druid.query.timeseries.TimeseriesQueryRunnerTest" name="testTimeseriesWithNonExistentFilterAndMultiDim[2]"/>
  <testcase time="0" classname="com.metamx.druid.query.timeseries.TimeseriesQueryRunnerTest" name="testTimeseriesWithFilterOnNonExistentDimension[2]"/>
  <testcase time="0.002" classname="com.metamx.druid.query.timeseries.TimeseriesQueryRunnerTest" name="testFullOnTimeseriesMaxMin[2]"/>
  <testcase time="0" classname="com.metamx.druid.query.timeseries.TimeseriesQueryRunnerTest" name="testTimeseries[2]"/>
  <testcase time="0.001" classname="com.metamx.druid.query.timeseries.TimeseriesQueryRunnerTest" name="testTimeseriesWithTimeZone[2]"/>
  <testcase time="0.001" classname="com.metamx.druid.query.timeseries.TimeseriesQueryRunnerTest" name="testTimeseriesWithVaryingGran[2]"/>
  <testcase time="0.003" classname="com.metamx.druid.query.timeseries.TimeseriesQueryRunnerTest" name="testTimeseriesGranularityNotAlignedOnSegmentBoundariesWithFilter[2]"/>
  <testcase time="0.005" classname="com.metamx.druid.query.timeseries.TimeseriesQueryRunnerTest" name="testTimeseriesWithVaryingGranWithFilter[2]"/>
  <testcase time="0" classname="com.metamx.druid.query.timeseries.TimeseriesQueryRunnerTest" name="testTimeseriesQueryBeyondTimeRangeOfData[2]"/>
  <testcase time="0.003" classname="com.metamx.druid.query.timeseries.TimeseriesQueryRunnerTest" name="testTimeseriesWithOrFilter[2]"/>
  <testcase time="0.003" classname="com.metamx.druid.query.timeseries.TimeseriesQueryRunnerTest" name="testTimeseriesWithRegexFilter[2]"/>
  <testcase time="0.001" classname="com.metamx.druid.query.timeseries.TimeseriesQueryRunnerTest" name="testTimeseriesWithFilter1[2]"/>
  <testcase time="0.001" classname="com.metamx.druid.query.timeseries.TimeseriesQueryRunnerTest" name="testTimeseriesWithFilter2[2]"/>
  <testcase time="0" classname="com.metamx.druid.query.timeseries.TimeseriesQueryRunnerTest" name="testTimeseriesWithFilter3[2]"/>
  <testcase time="0.003" classname="com.metamx.druid.query.timeseries.TimeseriesQueryRunnerTest" name="testTimeseriesWithMultiDimFilterAndOr[2]"/>
  <testcase time="0.002" classname="com.metamx.druid.query.timeseries.TimeseriesQueryRunnerTest" name="testTimeseriesWithMultiDimFilter[2]"/>
  <testcase time="0.002" classname="com.metamx.druid.query.timeseries.TimeseriesQueryRunnerTest" name="testTimeseriesWithOtherMultiDimFilter[2]"/>
  <testcase time="0.003" classname="com.metamx.druid.query.timeseries.TimeseriesQueryRunnerTest" name="testTimeseriesWithNonExistentFilterInOr[2]"/>
  <testcase time="0.01" classname="com.metamx.druid.query.timeseries.TimeseriesQueryRunnerTest" name="testTimeseriesWithNonExistentFilterAndMultiDimAndOr[2]"/>
  <testcase time="0" classname="com.metamx.druid.query.timeseries.TimeseriesQueryRunnerTest" name="testTimeseriesWithMultiValueDimFilter1[2]"/>
  <testcase time="0" classname="com.metamx.druid.query.timeseries.TimeseriesQueryRunnerTest" name="testTimeseriesWithMultiValueDimFilter2[2]"/>
  <testcase time="0.008" classname="com.metamx.druid.query.timeseries.TimeseriesQueryRunnerTest" name="testTimeseriesWithMultiValueDimFilterAndOr1[2]"/>
  <testcase time="0" classname="com.metamx.druid.query.timeseries.TimeseriesQueryRunnerTest" name="testTimeseriesWithMultiValueDimFilterAndOr2[2]"/>
</testsuite>