<?xml version="1.0" encoding="UTF-8" ?>
<testsuite failures="0" time="0.287" errors="0" skipped="0" tests="69" name="com.metamx.druid.VersionedIntervalTimelineTest">
  <properties>
    <property name="java.runtime.name" value="Java(TM) SE Runtime Environment"/>
    <property name="sun.boot.library.path" value="/System/Library/Java/JavaVirtualMachines/1.6.0.jdk/Contents/Libraries"/>
    <property name="java.vm.version" value="20.65-b04-462"/>
    <property name="awt.nativeDoubleBuffering" value="true"/>
    <property name="gopherProxySet" value="false"/>
    <property name="mrj.build" value="11M4609"/>
    <property name="java.vm.vendor" value="Apple Inc."/>
    <property name="java.vendor.url" value="http://www.apple.com/"/>
    <property name="path.separator" value=":"/>
    <property name="guice.disable.misplaced.annotation.check" value="true"/>
    <property name="java.vm.name" value="Java HotSpot(TM) 64-Bit Server VM"/>
    <property name="file.encoding.pkg" value="sun.io"/>
    <property name="user.country" value="US"/>
    <property name="sun.java.launcher" value="SUN_STANDARD"/>
    <property name="sun.os.patch.level" value="unknown"/>
    <property name="java.vm.specification.name" value="Java Virtual Machine Specification"/>
    <property name="user.dir" value="/Users/hasnat/Downloads/dtv-tvc-commerce/druid"/>
    <property name="java.runtime.version" value="1.6.0_65-b14-462-11M4609"/>
    <property name="java.awt.graphicsenv" value="apple.awt.CGraphicsEnvironment"/>
    <property name="java.endorsed.dirs" value="/System/Library/Java/JavaVirtualMachines/1.6.0.jdk/Contents/Home/lib/endorsed"/>
    <property name="os.arch" value="x86_64"/>
    <property name="java.io.tmpdir" value="/var/folders/5y/h2z_3s7106927ty50cf7ygmc0000gn/T/"/>
    <property name="line.separator" value="
"/>
    <property name="java.vm.specification.vendor" value="Sun Microsystems Inc."/>
    <property name="os.name" value="Mac OS X"/>
    <property name="classworlds.conf" value="/Users/hasnat/asakusa-develop/maven/bin/m2.conf"/>
    <property name="sun.jnu.encoding" value="MacRoman"/>
    <property name="java.library.path" value=".:/Library/Java/Extensions:/System/Library/Java/Extensions:/usr/lib/java"/>
    <property name="java.specification.name" value="Java Platform API Specification"/>
    <property name="java.class.version" value="50.0"/>
    <property name="sun.management.compiler" value="HotSpot 64-Bit Tiered Compilers"/>
    <property name="os.version" value="10.7.5"/>
    <property name="http.nonProxyHosts" value="local|*.local|169.254/16|*.169.254/16"/>
    <property name="user.home" value="/Users/hasnat"/>
    <property name="user.timezone" value="Asia/Tokyo"/>
    <property name="java.awt.printerjob" value="apple.awt.CPrinterJob"/>
    <property name="java.specification.version" value="1.6"/>
    <property name="file.encoding" value="UTF-8"/>
    <property name="user.name" value="hasnat"/>
    <property name="java.class.path" value="/Users/hasnat/asakusa-develop/maven/boot/plexus-classworlds-2.4.jar"/>
    <property name="java.vm.specification.version" value="1.0"/>
    <property name="sun.arch.data.model" value="64"/>
    <property name="java.home" value="/System/Library/Java/JavaVirtualMachines/1.6.0.jdk/Contents/Home"/>
    <property name="sun.java.command" value="org.codehaus.plexus.classworlds.launcher.Launcher package"/>
    <property name="java.specification.vendor" value="Sun Microsystems Inc."/>
    <property name="user.language" value="en"/>
    <property name="awt.toolkit" value="apple.awt.CToolkit"/>
    <property name="java.vm.info" value="mixed mode"/>
    <property name="java.version" value="1.6.0_65"/>
    <property name="java.ext.dirs" value="/Library/Java/Extensions:/System/Library/Java/Extensions:/System/Library/Java/JavaVirtualMachines/1.6.0.jdk/Contents/Home/lib/ext"/>
    <property name="sun.boot.class.path" value="/System/Library/Java/JavaVirtualMachines/1.6.0.jdk/Contents/Classes/jsfd.jar:/System/Library/Java/JavaVirtualMachines/1.6.0.jdk/Contents/Classes/classes.jar:/System/Library/Frameworks/JavaVM.framework/Frameworks/JavaRuntimeSupport.framework/Resources/Java/JavaRuntimeSupport.jar:/System/Library/Java/JavaVirtualMachines/1.6.0.jdk/Contents/Classes/ui.jar:/System/Library/Java/JavaVirtualMachines/1.6.0.jdk/Contents/Classes/laf.jar:/System/Library/Java/JavaVirtualMachines/1.6.0.jdk/Contents/Classes/sunrsasign.jar:/System/Library/Java/JavaVirtualMachines/1.6.0.jdk/Contents/Classes/jsse.jar:/System/Library/Java/JavaVirtualMachines/1.6.0.jdk/Contents/Classes/jce.jar:/System/Library/Java/JavaVirtualMachines/1.6.0.jdk/Contents/Classes/charsets.jar"/>
    <property name="java.vendor" value="Apple Inc."/>
    <property name="maven.home" value="/Users/hasnat/asakusa-develop/maven"/>
    <property name="file.separator" value="/"/>
    <property name="java.vendor.url.bug" value="http://bugreport.apple.com/"/>
    <property name="sun.cpu.endian" value="little"/>
    <property name="sun.io.unicode.encoding" value="UnicodeLittle"/>
    <property name="mrj.version" value="1070.1.6.0_65-462"/>
    <property name="socksNonProxyHosts" value="local|*.local|169.254/16|*.169.254/16"/>
    <property name="ftp.nonProxyHosts" value="local|*.local|169.254/16|*.169.254/16"/>
    <property name="sun.cpu.isalist" value=""/>
  </properties>
  <testcase time="0.047" classname="com.metamx.druid.VersionedIntervalTimelineTest" name="testApril"/>
  <testcase time="0.008" classname="com.metamx.druid.VersionedIntervalTimelineTest" name="testApril2"/>
  <testcase time="0.007" classname="com.metamx.druid.VersionedIntervalTimelineTest" name="testApril3"/>
  <testcase time="0.006" classname="com.metamx.druid.VersionedIntervalTimelineTest" name="testApril4"/>
  <testcase time="0.006" classname="com.metamx.druid.VersionedIntervalTimelineTest" name="testMay"/>
  <testcase time="0.007" classname="com.metamx.druid.VersionedIntervalTimelineTest" name="testMay2"/>
  <testcase time="0.009" classname="com.metamx.druid.VersionedIntervalTimelineTest" name="testMay3"/>
  <testcase time="0.009" classname="com.metamx.druid.VersionedIntervalTimelineTest" name="testInsertInWrongOrder"/>
  <testcase time="0.009" classname="com.metamx.druid.VersionedIntervalTimelineTest" name="testRemove"/>
  <testcase time="0.004" classname="com.metamx.druid.VersionedIntervalTimelineTest" name="testFindEntry"/>
  <testcase time="0.004" classname="com.metamx.druid.VersionedIntervalTimelineTest" name="testFindEntryWithOverlap"/>
  <testcase time="0.004" classname="com.metamx.druid.VersionedIntervalTimelineTest" name="testPartitioning"/>
  <testcase time="0.005" classname="com.metamx.druid.VersionedIntervalTimelineTest" name="testPartialPartitionNotReturned"/>
  <testcase time="0.004" classname="com.metamx.druid.VersionedIntervalTimelineTest" name="testIncompletePartitionDoesNotOvershadow"/>
  <testcase time="0.005" classname="com.metamx.druid.VersionedIntervalTimelineTest" name="testRemovePartitionMakesIncomplete"/>
  <testcase time="0.006" classname="com.metamx.druid.VersionedIntervalTimelineTest" name="testInsertAndRemoveSameThingsion"/>
  <testcase time="0.003" classname="com.metamx.druid.VersionedIntervalTimelineTest" name="testOverlapSameVersionThrowException"/>
  <testcase time="0.003" classname="com.metamx.druid.VersionedIntervalTimelineTest" name="testOverlapSameVersionIsOkay"/>
  <testcase time="0.005" classname="com.metamx.druid.VersionedIntervalTimelineTest" name="testOverlapSecondBetween"/>
  <testcase time="0.004" classname="com.metamx.druid.VersionedIntervalTimelineTest" name="testOverlapFirstBetween"/>
  <testcase time="0.003" classname="com.metamx.druid.VersionedIntervalTimelineTest" name="testOverlapFirstBefore"/>
  <testcase time="0.003" classname="com.metamx.druid.VersionedIntervalTimelineTest" name="testOverlapFirstAfter"/>
  <testcase time="0.003" classname="com.metamx.druid.VersionedIntervalTimelineTest" name="testOverlapSecondBefore"/>
  <testcase time="0.003" classname="com.metamx.druid.VersionedIntervalTimelineTest" name="testOverlapSecondAfter"/>
  <testcase time="0.003" classname="com.metamx.druid.VersionedIntervalTimelineTest" name="testOverlapFirstLarger"/>
  <testcase time="0.003" classname="com.metamx.druid.VersionedIntervalTimelineTest" name="testOverlapSecondLarger"/>
  <testcase time="0.004" classname="com.metamx.druid.VersionedIntervalTimelineTest" name="testOverlapSecondPartialAlign"/>
  <testcase time="0.003" classname="com.metamx.druid.VersionedIntervalTimelineTest" name="testOverlapFirstPartialAlign"/>
  <testcase time="0.004" classname="com.metamx.druid.VersionedIntervalTimelineTest" name="testOverlapAscending"/>
  <testcase time="0.004" classname="com.metamx.druid.VersionedIntervalTimelineTest" name="testOverlapDescending"/>
  <testcase time="0.004" classname="com.metamx.druid.VersionedIntervalTimelineTest" name="testOverlapMixed"/>
  <testcase time="0.003" classname="com.metamx.druid.VersionedIntervalTimelineTest" name="testOverlapContainedAscending"/>
  <testcase time="0.003" classname="com.metamx.druid.VersionedIntervalTimelineTest" name="testOverlapContainedDescending"/>
  <testcase time="0.003" classname="com.metamx.druid.VersionedIntervalTimelineTest" name="testOverlapContainedmixed"/>
  <testcase time="0.003" classname="com.metamx.druid.VersionedIntervalTimelineTest" name="testOverlapSecondContained"/>
  <testcase time="0.003" classname="com.metamx.druid.VersionedIntervalTimelineTest" name="testOverlapFirstContained"/>
  <testcase time="0.002" classname="com.metamx.druid.VersionedIntervalTimelineTest" name="testOverlapSecondContainsFirst"/>
  <testcase time="0.002" classname="com.metamx.druid.VersionedIntervalTimelineTest" name="testOverlapFirstContainsSecond"/>
  <testcase time="0.003" classname="com.metamx.druid.VersionedIntervalTimelineTest" name="testOverlapLayeredAscending"/>
  <testcase time="0.003" classname="com.metamx.druid.VersionedIntervalTimelineTest" name="testOverlapLayeredDescending"/>
  <testcase time="0.004" classname="com.metamx.druid.VersionedIntervalTimelineTest" name="testOverlapV1Large"/>
  <testcase time="0.003" classname="com.metamx.druid.VersionedIntervalTimelineTest" name="testOverlapV2Large"/>
  <testcase time="0.003" classname="com.metamx.druid.VersionedIntervalTimelineTest" name="testOverlapV1LargeIsAfter"/>
  <testcase time="0.004" classname="com.metamx.druid.VersionedIntervalTimelineTest" name="testOverlapV1SecondLargeIsAfter"/>
  <testcase time="0.003" classname="com.metamx.druid.VersionedIntervalTimelineTest" name="testOverlapV1FirstBetween"/>
  <testcase time="0.003" classname="com.metamx.druid.VersionedIntervalTimelineTest" name="testOverlapV1SecondBetween"/>
  <testcase time="0.003" classname="com.metamx.druid.VersionedIntervalTimelineTest" name="testOverlapLargeUnderlyingWithSmallDayAlignedOverlays"/>
  <testcase time="0.003" classname="com.metamx.druid.VersionedIntervalTimelineTest" name="testOverlapCausesNullEntries"/>
  <testcase time="0.003" classname="com.metamx.druid.VersionedIntervalTimelineTest" name="testOverlapOvershadowedThirdContains"/>
  <testcase time="0.003" classname="com.metamx.druid.VersionedIntervalTimelineTest" name="testOverlapOvershadowedAligned"/>
  <testcase time="0.002" classname="com.metamx.druid.VersionedIntervalTimelineTest" name="testOverlapOvershadowedSomeComplexOverlapsCantThinkOfBetterName"/>
  <testcase time="0.002" classname="com.metamx.druid.VersionedIntervalTimelineTest" name="testOverlapAndRemove"/>
  <testcase time="0.002" classname="com.metamx.druid.VersionedIntervalTimelineTest" name="testOverlapAndRemove2"/>
  <testcase time="0.002" classname="com.metamx.druid.VersionedIntervalTimelineTest" name="testOverlapAndRemove3"/>
  <testcase time="0.002" classname="com.metamx.druid.VersionedIntervalTimelineTest" name="testOverlapAndRemove4"/>
  <testcase time="0.002" classname="com.metamx.druid.VersionedIntervalTimelineTest" name="testOverlapAndRemove5"/>
  <testcase time="0.001" classname="com.metamx.druid.VersionedIntervalTimelineTest" name="testRemoveSomethingDontHave"/>
  <testcase time="0.002" classname="com.metamx.druid.VersionedIntervalTimelineTest" name="testRemoveNothingBacking"/>
  <testcase time="0.002" classname="com.metamx.druid.VersionedIntervalTimelineTest" name="testOvershadowingHigherVersionWins1"/>
  <testcase time="0.002" classname="com.metamx.druid.VersionedIntervalTimelineTest" name="testOvershadowingHigherVersionWins2"/>
  <testcase time="0.002" classname="com.metamx.druid.VersionedIntervalTimelineTest" name="testOvershadowingHigherVersionWins3"/>
  <testcase time="0.002" classname="com.metamx.druid.VersionedIntervalTimelineTest" name="testOvershadowingHigherVersionWins4"/>
  <testcase time="0.003" classname="com.metamx.druid.VersionedIntervalTimelineTest" name="testOvershadowingHigherVersionNeverOvershadowedByLower1"/>
  <testcase time="0.002" classname="com.metamx.druid.VersionedIntervalTimelineTest" name="testOvershadowingHigherVersionNeverOvershadowedByLower2"/>
  <testcase time="0.002" classname="com.metamx.druid.VersionedIntervalTimelineTest" name="testOvershadowingHigherVersionNeverOvershadowedByLower3"/>
  <testcase time="0.002" classname="com.metamx.druid.VersionedIntervalTimelineTest" name="testOvershadowingHigherVersionNeverOvershadowedByLower4"/>
  <testcase time="0.002" classname="com.metamx.druid.VersionedIntervalTimelineTest" name="testOvershadowingHigherVersionNeverOvershadowedByLower5"/>
  <testcase time="0.002" classname="com.metamx.druid.VersionedIntervalTimelineTest" name="testOvershadowingSameIntervalHighVersionWins"/>
  <testcase time="0.002" classname="com.metamx.druid.VersionedIntervalTimelineTest" name="testOvershadowingSameIntervalSameVersionAllKept"/>
</testsuite>